0 info it worked if it ends with ok
1 verbose cli [ '/usr/bin/node', '/usr/bin/npm', 'run', 'test-with-coverage' ]
2 info using npm@3.5.2
3 info using node@v8.10.0
4 verbose run-script [ 'pretest-with-coverage',
4 verbose run-script   'test-with-coverage',
4 verbose run-script   'posttest-with-coverage' ]
5 info lifecycle calculator@1.0.0~pretest-with-coverage: calculator@1.0.0
6 silly lifecycle calculator@1.0.0~pretest-with-coverage: no script for pretest-with-coverage, continuing
7 info lifecycle calculator@1.0.0~test-with-coverage: calculator@1.0.0
8 verbose lifecycle calculator@1.0.0~test-with-coverage: unsafe-perm in lifecycle true
9 verbose lifecycle calculator@1.0.0~test-with-coverage: PATH: /usr/share/npm/bin/node-gyp-bin:/home/danchetto/projects/calculator/node_modules/.bin:/home/danchetto/bin:/home/danchetto/.local/bin:/usr/local/sbin:/usr/local/bin:/usr/sbin:/usr/bin:/sbin:/bin:/usr/games:/usr/local/games:/snap/bin
10 verbose lifecycle calculator@1.0.0~test-with-coverage: CWD: /home/danchetto/projects/calculator
11 silly lifecycle calculator@1.0.0~test-with-coverage: Args: [ '-c', 'istanbul cover _mocha -- -u exports -R spec' ]
12 silly lifecycle calculator@1.0.0~test-with-coverage: Returned: code: 5  signal: null
13 info lifecycle calculator@1.0.0~test-with-coverage: Failed to exec test-with-coverage script
14 verbose stack Error: calculator@1.0.0 test-with-coverage: `istanbul cover _mocha -- -u exports -R spec`
14 verbose stack Exit status 5
14 verbose stack     at EventEmitter.<anonymous> (/usr/share/npm/lib/utils/lifecycle.js:232:16)
14 verbose stack     at emitTwo (events.js:126:13)
14 verbose stack     at EventEmitter.emit (events.js:214:7)
14 verbose stack     at ChildProcess.<anonymous> (/usr/share/npm/lib/utils/spawn.js:24:14)
14 verbose stack     at emitTwo (events.js:126:13)
14 verbose stack     at ChildProcess.emit (events.js:214:7)
14 verbose stack     at maybeClose (internal/child_process.js:925:16)
14 verbose stack     at Process.ChildProcess._handle.onexit (internal/child_process.js:209:5)
15 verbose pkgid calculator@1.0.0
16 verbose cwd /home/danchetto/projects/calculator
17 error Linux 4.15.0-34-generic
18 error argv "/usr/bin/node" "/usr/bin/npm" "run" "test-with-coverage"
19 error node v8.10.0
20 error npm  v3.5.2
21 error code ELIFECYCLE
22 error calculator@1.0.0 test-with-coverage: `istanbul cover _mocha -- -u exports -R spec`
22 error Exit status 5
23 error Failed at the calculator@1.0.0 test-with-coverage script 'istanbul cover _mocha -- -u exports -R spec'.
23 error Make sure you have the latest version of node.js and npm installed.
23 error If you do, this is most likely a problem with the calculator package,
23 error not with npm itself.
23 error Tell the author that this fails on your system:
23 error     istanbul cover _mocha -- -u exports -R spec
23 error You can get information on how to open an issue for this project with:
23 error     npm bugs calculator
23 error Or if that isn't available, you can get their info via:
23 error     npm owner ls calculator
23 error There is likely additional logging output above.
24 verbose exit [ 1, true ]
